c:\users\zzhma\yandexdisk\мтуси\ос\coursework_dll\project1\project1\x64\debug\vc142.pdb
c:\users\zzhma\yandexdisk\мтуси\ос\coursework_dll\project1\project1\x64\debug\vc142.idb
c:\users\zzhma\yandexdisk\мтуси\ос\coursework_dll\project1\project1\x64\debug\infoupdater.obj
c:\users\zzhma\yandexdisk\мтуси\ос\coursework_dll\project1\project1\x64\debug\format.obj
c:\users\zzhma\yandexdisk\мтуси\ос\coursework_dll\project1\project1\x64\debug\accessbridgecalls.obj
c:\users\zzhma\yandexdisk\мтуси\ос\coursework_dll\project1\x64\debug\project1.ilk
c:\users\zzhma\yandexdisk\мтуси\ос\coursework_dll\project1\x64\debug\project1.dll
c:\users\zzhma\yandexdisk\мтуси\ос\coursework_dll\project1\x64\debug\project1.pdb
c:\users\zzhma\yandexdisk\мтуси\ос\coursework_dll\project1\x64\debug\project1.lib
c:\users\zzhma\yandexdisk\мтуси\ос\coursework_dll\project1\x64\debug\project1.exp
c:\users\miair\yandexdisk\мтуси\ос\coursework_dll\project1\project1\x64\debug\accessbridgecalls.obj
c:\users\miair\yandexdisk\мтуси\ос\coursework_dll\project1\project1\x64\debug\format.obj
c:\users\miair\yandexdisk\мтуси\ос\coursework_dll\project1\project1\x64\debug\infoupdater.obj
c:\users\miair\yandexdisk\мтуси\ос\coursework_dll\project1\project1\x64\debug\vc142.idb
c:\users\miair\yandexdisk\мтуси\ос\coursework_dll\project1\project1\x64\debug\vc142.pdb
c:\users\miair\yandexdisk\мтуси\ос\coursework_dll\project1\x64\debug\project1.pdb
c:\users\miair\yandexdisk\мтуси\ос\coursework_dll\project1\x64\debug\project1.dll
c:\users\miair\yandexdisk\мтуси\ос\coursework_dll\project1\x64\debug\project1.ilk
c:\users\miair\yandexdisk\мтуси\ос\coursework_dll\project1\project1\x64\debug\project1.tlog\cl.command.1.tlog
c:\users\miair\yandexdisk\мтуси\ос\coursework_dll\project1\project1\x64\debug\project1.tlog\cl.read.1.tlog
c:\users\miair\yandexdisk\мтуси\ос\coursework_dll\project1\project1\x64\debug\project1.tlog\cl.write.1.tlog
c:\users\miair\yandexdisk\мтуси\ос\coursework_dll\project1\project1\x64\debug\project1.tlog\link.command.1.tlog
c:\users\miair\yandexdisk\мтуси\ос\coursework_dll\project1\project1\x64\debug\project1.tlog\link.read.1.tlog
c:\users\miair\yandexdisk\мтуси\ос\coursework_dll\project1\project1\x64\debug\project1.tlog\link.write.1.tlog
c:\users\miair\yandexdisk\мтуси\ос\coursework_dll\project1\project1\x64\debug\project1.tlog\project1.write.1u.tlog
