#
# A fatal error has been detected by the Java Runtime Environment:
#
#  EXCEPTION_ACCESS_VIOLATION (0xc0000005) at pc=0x00007ff9d1e8d92d, pid=10444, tid=0x0000000000007754
#
# JRE version: Java(TM) SE Runtime Environment (8.0_201-b09) (build 1.8.0_201-b09)
# Java VM: Java HotSpot(TM) 64-Bit Server VM (25.201-b09 mixed mode windows-amd64 compressed oops)
# Problematic frame:
# C  [ucrtbased.dll+0xbd92d]
#
# Failed to write core dump. Minidumps are not enabled by default on client versions of Windows
#
# If you would like to submit a bug report, please visit:
#   http://bugreport.java.com/bugreport/crash.jsp
# The crash happened outside the Java Virtual Machine in native code.
# See problematic frame for where to report the bug.
#

---------------  T H R E A D  ---------------

Current thread (0x0000000003213800):  JavaThread "main" [_thread_in_native, id=30548, stack(0x0000000002ed0000,0x0000000002fd0000)]

siginfo: ExceptionCode=0xc0000005, writing address 0x0000000000000000

Registers:
RAX=0x0000000000000074, RBX=0x000000001c7a2e58, RCX=0xffff8005e1cd86fc, RDX=0x00007ffa1e327904
RSP=0x0000000002fcf188, RBP=0x0000000002fcf1b0, RSI=0x0000000003213800, RDI=0x0000000002fcf330
R8 =0x0000000000000004, R9 =0x0000000002ec7930, R10=0x0000000003328c3b, R11=0x0000000000000000
R12=0x0000000000000000, R13=0x000000001c7a2e58, R14=0x0000000002fcf3d0, R15=0x0000000003213800
RIP=0x00007ff9d1e8d92d, EFLAGS=0x0000000000010202

Top of Stack: (sp=0x0000000002fcf188)
0x0000000002fcf188:   00007ffa1e318bc0 00007ffa1e333058
0x0000000002fcf198:   cccccccccccccccc cccccccccccccccc
0x0000000002fcf1a8:   cccccccccccccccc cccccccccccccccc
0x0000000002fcf1b8:   cccccccccccccccc cccccccccccccccc
0x0000000002fcf1c8:   cccccccccccccccc cccccccccccccccc
0x0000000002fcf1d8:   cccccccccccccccc cccccccccccccccc
0x0000000002fcf1e8:   cccccccccccccccc cccccccccccccccc
0x0000000002fcf1f8:   cccccccccccccccc cccccccccccccccc
0x0000000002fcf208:   cccccccccccccccc cccccccccccccccc
0x0000000002fcf218:   cccccccccccccccc cccccccccccccccc
0x0000000002fcf228:   cccccccccccccccc cccccccccccccccc
0x0000000002fcf238:   cccccccccccccccc cccccccccccccccc
0x0000000002fcf248:   cccccccccccccccc cccccccccccccccc
0x0000000002fcf258:   cccccccccccccccc cccccccccccccccc
0x0000000002fcf268:   cccccccccccccccc cccccccccccccccc
0x0000000002fcf278:   cccccccccccccccc cccccccccccccccc 

Instructions: (pc=0x00007ff9d1e8d92d)
0x00007ff9d1e8d90d:   c1 eb 8a cc cc cc cc cc cc 66 66 0f 1f 84 00 00
0x00007ff9d1e8d91d:   00 00 00 4c 8b d9 48 2b ca f6 c2 07 74 1f 8a 02
0x00007ff9d1e8d92d:   88 04 0a 84 c0 74 0a 48 ff c2 f6 c2 07 75 ef eb
0x00007ff9d1e8d93d:   0c 49 8b c3 c3 48 89 04 0a 48 83 c2 08 48 8b 02 


Register to memory mapping:

RAX=0x0000000000000074 is an unknown value
RBX={method} {0x000000001c7a2e60} 'getSystemTime' '()Ljava/lang/String;' in 'InfoUpdater'
RCX=0xffff8005e1cd86fc is an unknown value
RDX=0x00007ffa1e327904 is an unknown value
RSP=0x0000000002fcf188 is pointing into the stack for thread: 0x0000000003213800
RBP=0x0000000002fcf1b0 is pointing into the stack for thread: 0x0000000003213800
RSI=0x0000000003213800 is a thread
RDI=0x0000000002fcf330 is pointing into the stack for thread: 0x0000000003213800
R8 =0x0000000000000004 is an unknown value
R9 =0x0000000002ec7930 is an unknown value
R10=0x0000000003328c3b is at code_begin+891 in an Interpreter codelet
method entry point (kind = native)  [0x00000000033288c0, 0x0000000003329280]  2496 bytes
R11=0x0000000000000000 is an unknown value
R12=0x0000000000000000 is an unknown value
R13={method} {0x000000001c7a2e60} 'getSystemTime' '()Ljava/lang/String;' in 'InfoUpdater'
R14=0x0000000002fcf3d0 is pointing into the stack for thread: 0x0000000003213800
R15=0x0000000003213800 is a thread


Stack: [0x0000000002ed0000,0x0000000002fd0000],  sp=0x0000000002fcf188,  free space=1020k
Native frames: (J=compiled Java code, j=interpreted, Vv=VM code, C=native code)
C  [ucrtbased.dll+0xbd92d]
C  [Project1.dll+0x18bc0]  Java_InfoUpdater_getSystemTime+0x60
C  0x0000000003328c67

Java frames: (J=compiled Java code, j=interpreted, Vv=VM code)
j  InfoUpdater.getSystemTime()Ljava/lang/String;+0
j  Main.main([Ljava/lang/String;)V+3
v  ~StubRoutines::call_stub

---------------  P R O C E S S  ---------------

Java Threads: ( => current thread )
  0x000000001ecfd000 JavaThread "Service Thread" daemon [_thread_blocked, id=38676, stack(0x000000001f990000,0x000000001fa90000)]
  0x000000001ec5f000 JavaThread "C1 CompilerThread3" daemon [_thread_blocked, id=35940, stack(0x000000001f890000,0x000000001f990000)]
  0x000000001ec08000 JavaThread "C2 CompilerThread2" daemon [_thread_blocked, id=29420, stack(0x000000001f790000,0x000000001f890000)]
  0x000000001ec04000 JavaThread "C2 CompilerThread1" daemon [_thread_blocked, id=38656, stack(0x000000001f690000,0x000000001f790000)]
  0x000000001ebd9000 JavaThread "C2 CompilerThread0" daemon [_thread_blocked, id=34400, stack(0x000000001f590000,0x000000001f690000)]
  0x000000001ec10800 JavaThread "Monitor Ctrl-Break" daemon [_thread_in_native, id=17764, stack(0x000000001f490000,0x000000001f590000)]
  0x000000001ebc1000 JavaThread "Attach Listener" daemon [_thread_blocked, id=22976, stack(0x000000001f390000,0x000000001f490000)]
  0x000000001ebc0000 JavaThread "Signal Dispatcher" daemon [_thread_blocked, id=38652, stack(0x000000001f290000,0x000000001f390000)]
  0x000000001ebb0800 JavaThread "Finalizer" daemon [_thread_blocked, id=30056, stack(0x000000001f090000,0x000000001f190000)]
  0x000000001cd8d000 JavaThread "Reference Handler" daemon [_thread_blocked, id=25148, stack(0x000000001ef90000,0x000000001f090000)]
=>0x0000000003213800 JavaThread "main" [_thread_in_native, id=30548, stack(0x0000000002ed0000,0x0000000002fd0000)]

Other Threads:
  0x000000001cd89000 VMThread [stack: 0x000000001ea90000,0x000000001eb90000] [id=37916]
  0x000000001ed33800 WatcherThread [stack: 0x000000001fa90000,0x000000001fb90000] [id=38680]

VM state:not at safepoint (normal execution)

VM Mutex/Monitor currently owned by a thread: None

heap address: 0x00000006c1000000, size: 4080 MB, Compressed Oops mode: Zero based, Oop shift amount: 3
Narrow klass base: 0x0000000000000000, Narrow klass shift: 3
Compressed class space size: 1073741824 Address: 0x00000007c0000000

Heap:
 PSYoungGen      total 76288K, used 3932K [0x000000076b000000, 0x0000000770500000, 0x00000007c0000000)
  eden space 65536K, 6% used [0x000000076b000000,0x000000076b3d70e0,0x000000076f000000)
  from space 10752K, 0% used [0x000000076fa80000,0x000000076fa80000,0x0000000770500000)
  to   space 10752K, 0% used [0x000000076f000000,0x000000076f000000,0x000000076fa80000)
 ParOldGen       total 175104K, used 0K [0x00000006c1000000, 0x00000006cbb00000, 0x000000076b000000)
  object space 175104K, 0% used [0x00000006c1000000,0x00000006c1000000,0x00000006cbb00000)
 Metaspace       used 3125K, capacity 4500K, committed 4864K, reserved 1056768K
  class space    used 343K, capacity 388K, committed 512K, reserved 1048576K

Card table byte_map: [0x00000000126d0000,0x0000000012ed0000] byte_map_base: 0x000000000f0c8000

Marking Bits: (ParMarkBitMap*) 0x000000006d204ce0
 Begin Bits: [0x0000000013c20000, 0x0000000017be0000)
 End Bits:   [0x0000000017be0000, 0x000000001bba0000)

Polling page: 0x0000000002e20000

CodeCache: size=245760Kb used=1138Kb max_used=1138Kb free=244621Kb
 bounds [0x0000000003310000, 0x0000000003580000, 0x0000000012310000]
 total_blobs=293 nmethods=40 adapters=167
 compilation: enabled

Compilation events (10 events):
Event: 0.075 Thread 0x000000001ec5f000   34       3       java.lang.String::substring (79 bytes)
Event: 0.075 Thread 0x000000001ec5f000 nmethod 34 0x000000000342b0d0 code [0x000000000342b280, 0x000000000342b738]
Event: 0.075 Thread 0x000000001ec5f000   37       3       java.io.WinNTFileSystem::isLetter (30 bytes)
Event: 0.075 Thread 0x000000001ec5f000 nmethod 37 0x000000000342ac90 code [0x000000000342ae00, 0x000000000342b050]
Event: 0.076 Thread 0x000000001ec5f000   38       3       java.io.WinNTFileSystem::normalize (143 bytes)
Event: 0.076 Thread 0x000000001ec5f000 nmethod 38 0x0000000003429ed0 code [0x000000000342a0c0, 0x000000000342a8e8]
Event: 0.076 Thread 0x000000001ec5f000   39       3       java.lang.String::lastIndexOf (52 bytes)
Event: 0.076 Thread 0x000000001ec5f000 nmethod 39 0x0000000003429810 code [0x00000000034299a0, 0x0000000003429d48]
Event: 0.077 Thread 0x000000001ec5f000   40       3       java.util.HashMap::hash (20 bytes)
Event: 0.077 Thread 0x000000001ec5f000 nmethod 40 0x000000000342cb90 code [0x000000000342cd00, 0x000000000342cf48]

GC Heap History (0 events):
No events

Deoptimization events (0 events):
No events

Classes redefined (0 events):
No events

Internal exceptions (2 events):
Event: 0.025 Thread 0x0000000003213800 Exception <a 'java/lang/NoSuchMethodError': Method sun.misc.Unsafe.defineClass(Ljava/lang/String;[BII)Ljava/lang/Class; name or signature does not match> (0x000000076b007cb0) thrown at [C:\re\workspace\8-2-build-windows-amd64-cygwin\jdk8u201\12322\hotspot
Event: 0.025 Thread 0x0000000003213800 Exception <a 'java/lang/NoSuchMethodError': Method sun.misc.Unsafe.prefetchRead(Ljava/lang/Object;J)V name or signature does not match> (0x000000076b007f98) thrown at [C:\re\workspace\8-2-build-windows-amd64-cygwin\jdk8u201\12322\hotspot\src\share\vm\prim

Events (10 events):
Event: 0.074 loading class java/lang/Class$MethodArray
Event: 0.074 loading class java/lang/Class$MethodArray done
Event: 0.074 loading class java/lang/Void
Event: 0.074 loading class java/lang/Void done
Event: 0.074 loading class sun/nio/cs/US_ASCII$Decoder
Event: 0.074 loading class sun/nio/cs/US_ASCII$Decoder done
Event: 0.074 loading class InfoUpdater
Event: 0.074 loading class InfoUpdater done
Event: 0.075 loading class java/lang/ClassLoaderHelper
Event: 0.075 loading class java/lang/ClassLoaderHelper done


Dynamic libraries:
0x00007ff68fe90000 - 0x00007ff68fec7000 	C:\Program Files\Java\jdk1.8.0_201\bin\java.exe
0x00007ffa4e9d0000 - 0x00007ffa4ebbd000 	C:\windows\SYSTEM32\ntdll.dll
0x00007ffa4ca50000 - 0x00007ffa4cb03000 	C:\windows\System32\KERNEL32.DLL
0x00007ffa4ab10000 - 0x00007ffa4ada3000 	C:\windows\System32\KERNELBASE.dll
0x00007ffa4bd70000 - 0x00007ffa4be13000 	C:\windows\System32\ADVAPI32.dll
0x00007ffa4c810000 - 0x00007ffa4c8ae000 	C:\windows\System32\msvcrt.dll
0x00007ffa4e8d0000 - 0x00007ffa4e96e000 	C:\windows\System32\sechost.dll
0x00007ffa4cc60000 - 0x00007ffa4cd82000 	C:\windows\System32\RPCRT4.dll
0x00007ffa4cd90000 - 0x00007ffa4cf27000 	C:\windows\System32\USER32.dll
0x00007ffa4af00000 - 0x00007ffa4af20000 	C:\windows\System32\win32u.dll
0x00007ffa4c8b0000 - 0x00007ffa4c8d9000 	C:\windows\System32\GDI32.dll
0x00007ffa4b270000 - 0x00007ffa4b409000 	C:\windows\System32\gdi32full.dll
0x00007ffa4b180000 - 0x00007ffa4b220000 	C:\windows\System32\msvcp_win.dll
0x00007ffa4adb0000 - 0x00007ffa4aeaa000 	C:\windows\System32\ucrtbase.dll
0x00007ffa3d2a0000 - 0x00007ffa3d519000 	C:\windows\WinSxS\amd64_microsoft.windows.common-controls_6595b64144ccf1df_6.0.17763.914_none_05b346b2072102f2\COMCTL32.dll
0x00007ffa4c410000 - 0x00007ffa4c73c000 	C:\windows\System32\combase.dll
0x00007ffa4af20000 - 0x00007ffa4af9e000 	C:\windows\System32\bcryptPrimitives.dll
0x00007ffa4e6e0000 - 0x00007ffa4e70e000 	C:\windows\System32\IMM32.DLL
0x000000006d290000 - 0x000000006d361000 	C:\Program Files\Java\jdk1.8.0_201\jre\bin\msvcr100.dll
0x000000006c9e0000 - 0x000000006d284000 	C:\Program Files\Java\jdk1.8.0_201\jre\bin\server\jvm.dll
0x00007ffa4cfe0000 - 0x00007ffa4cfe8000 	C:\windows\System32\PSAPI.DLL
0x00007ff9ea820000 - 0x00007ff9ea829000 	C:\windows\SYSTEM32\WSOCK32.dll
0x00007ffa48c20000 - 0x00007ffa48c44000 	C:\windows\SYSTEM32\WINMM.dll
0x00007ffa45710000 - 0x00007ffa4571a000 	C:\windows\SYSTEM32\VERSION.dll
0x00007ffa4cb10000 - 0x00007ffa4cb7d000 	C:\windows\System32\WS2_32.dll
0x00007ffa48bd0000 - 0x00007ffa48bfd000 	C:\windows\SYSTEM32\winmmbase.dll
0x00007ffa4b220000 - 0x00007ffa4b26a000 	C:\windows\System32\cfgmgr32.dll
0x00007ffa479e0000 - 0x00007ffa479ef000 	C:\Program Files\Java\jdk1.8.0_201\jre\bin\verify.dll
0x00007ffa1f190000 - 0x00007ffa1f1b9000 	C:\Program Files\Java\jdk1.8.0_201\jre\bin\java.dll
0x00007ffa1f0e0000 - 0x00007ffa1f103000 	C:\Program Files\Java\jdk1.8.0_201\jre\bin\instrument.dll
0x00007ffa1f170000 - 0x00007ffa1f186000 	C:\Program Files\Java\jdk1.8.0_201\jre\bin\zip.dll
0x00007ffa4cff0000 - 0x00007ffa4e4e4000 	C:\windows\System32\SHELL32.dll
0x00007ffa4c2a0000 - 0x00007ffa4c348000 	C:\windows\System32\shcore.dll
0x00007ffa4b470000 - 0x00007ffa4bbbd000 	C:\windows\System32\windows.storage.dll
0x00007ffa4a9d0000 - 0x00007ffa4a9f4000 	C:\windows\System32\profapi.dll
0x00007ffa4aa00000 - 0x00007ffa4aa5d000 	C:\windows\System32\powrprof.dll
0x00007ffa4c3b0000 - 0x00007ffa4c402000 	C:\windows\System32\shlwapi.dll
0x00007ffa4a9b0000 - 0x00007ffa4a9c1000 	C:\windows\System32\kernel.appcore.dll
0x00007ffa4aeb0000 - 0x00007ffa4aec7000 	C:\windows\System32\cryptsp.dll
0x00007ffa1f150000 - 0x00007ffa1f16a000 	C:\Program Files\JetBrains\IntelliJ IDEA 2019.2.2\bin\breakgen64.dll
0x00007ffa1e950000 - 0x00007ffa1e96a000 	C:\Program Files\Java\jdk1.8.0_201\jre\bin\net.dll
0x00007ffa3cdf0000 - 0x00007ffa3cfc7000 	C:\windows\SYSTEM32\urlmon.dll
0x00007ffa3c4d0000 - 0x00007ffa3c778000 	C:\windows\SYSTEM32\iertutil.dll
0x00007ffa4a370000 - 0x00007ffa4a37c000 	C:\windows\SYSTEM32\CRYPTBASE.DLL
0x00007ffa4a1a0000 - 0x00007ffa4a207000 	C:\windows\system32\mswsock.dll
0x00007ffa1e300000 - 0x00007ffa1e337000 	C:\Users\zzhma\YandexDisk\Ã“”—»\Œ—\coursework_gui\Project1.dll
0x00007ffa37610000 - 0x00007ffa3761f000 	C:\windows\SYSTEM32\VCRUNTIME140_1D.dll
0x00007ffa1b790000 - 0x00007ffa1b7b4000 	C:\windows\SYSTEM32\VCRUNTIME140D.dll
0x00007ff9d1fa0000 - 0x00007ff9d2094000 	C:\windows\SYSTEM32\MSVCP140D.dll
0x00007ff9d1dd0000 - 0x00007ff9d1f93000 	C:\windows\SYSTEM32\ucrtbased.dll
0x00007ffa35a60000 - 0x00007ffa35c4d000 	C:\windows\SYSTEM32\dbghelp.dll

VM Arguments:
jvm_args: -javaagent:C:\Program Files\JetBrains\IntelliJ IDEA 2019.2.2\lib\idea_rt.jar=55869:C:\Program Files\JetBrains\IntelliJ IDEA 2019.2.2\bin -Dfile.encoding=UTF-8 
java_command: Main
java_class_path (initial): C:\Program Files\Java\jdk1.8.0_201\jre\lib\charsets.jar;C:\Program Files\Java\jdk1.8.0_201\jre\lib\deploy.jar;C:\Program Files\Java\jdk1.8.0_201\jre\lib\ext\access-bridge-64.jar;C:\Program Files\Java\jdk1.8.0_201\jre\lib\ext\cldrdata.jar;C:\Program Files\Java\jdk1.8.0_201\jre\lib\ext\dnsns.jar;C:\Program Files\Java\jdk1.8.0_201\jre\lib\ext\jaccess.jar;C:\Program Files\Java\jdk1.8.0_201\jre\lib\ext\jfxrt.jar;C:\Program Files\Java\jdk1.8.0_201\jre\lib\ext\localedata.jar;C:\Program Files\Java\jdk1.8.0_201\jre\lib\ext\nashorn.jar;C:\Program Files\Java\jdk1.8.0_201\jre\lib\ext\sunec.jar;C:\Program Files\Java\jdk1.8.0_201\jre\lib\ext\sunjce_provider.jar;C:\Program Files\Java\jdk1.8.0_201\jre\lib\ext\sunmscapi.jar;C:\Program Files\Java\jdk1.8.0_201\jre\lib\ext\sunpkcs11.jar;C:\Program Files\Java\jdk1.8.0_201\jre\lib\ext\zipfs.jar;C:\Program Files\Java\jdk1.8.0_201\jre\lib\javaws.jar;C:\Program Files\Java\jdk1.8.0_201\jre\lib\jce.jar;C:\Program Files\Java\jdk1.8.0_201\jre\lib\jfr.jar;C:\Program Files\Java\jdk1.8.0_201\jre\lib\jfxswt.jar;C:\Program Files\Java\jdk1.8.0_201\jre\lib\jsse.jar;C:\Program Files\Java\jdk1.8.0_201\jre\lib\management-agent.jar;C:\Program Files\Java\jdk1.8.0_201\jre\lib\plugin.jar;C:\Program Files\Java\jdk1.8.0_201\jre\lib\resources.jar;C:\Program Files\Java\jdk1.8.0_201\jre\lib\rt.jar;C:\Users\zzhma\YandexDisk\Ã“”—»\Œ—\coursework_gui\out\production\coursework_gui;C:\Program Files\JetBrains\IntelliJ IDEA 2019.2.2\lib\idea_rt.jar
Launcher Type: SUN_STANDARD

Environment Variables:
JAVA_HOME=C:\Program Files\Java\jdk1.8.0_201
PATH=C:\Program Files\Haskell\bin;C:\Program Files\Haskell Platform\8.6.3\lib\extralibs\bin;C:\Program Files\Haskell Platform\8.6.3\bin;C:\Program Files (x86)\Common Files\Oracle\Java\javapath;C:\Windows\system32;C:\Windows;C:\Windows\System32\Wbem;C:\Windows\System32\WindowsPowerShell\v1.0\;C:\Windows\System32\OpenSSH\;C:\Program Files (x86)\NVIDIA Corporation\PhysX\Common;C:\Program Files\NVIDIA Corporation\NVIDIA NvDLISR;C:\Program Files\Git\cmd;C:\Users\zzhma\AppData\Local\Programs\Python\Python37;C:\Users\zzhma\AppData\Local\Programs\Python\Python37\Scripts;C:\Program Files\Haskell Platform\8.6.3\mingw\bin;C:\Program Files\MATLAB\R2018b\runtime\win64;C:\Program Files\MATLAB\R2018b\bin;C:\Program Files\dotnet\;C:\Program Files\Java\jdk1.8.0_201\bin;C:\Program Files\PuTTY\;C:\Qt\Tools\mingw730_64\bin;C:\Program Files\nodejs\;C:\Users\zzhma\AppData\Roaming\cabal\bin;C:\Users\zzhma\AppData\Roaming\local\bin;C:\Users\zzhma\AppData\Local\Microsoft\WindowsApps;C:\Users\zzhma\AppData\Local\Programs\Microsoft VS Code\bin;C:\Users\zzhma\AppData\Roaming\npm;C:\Users\zzhma\AppData\Local\atom\bin
USERNAME=zzhma
OS=Windows_NT
PROCESSOR_IDENTIFIER=Intel64 Family 6 Model 158 Stepping 12, GenuineIntel



---------------  S Y S T E M  ---------------

OS: Windows 10.0 , 64 bit Build 17763 (10.0.17763.475)

CPU:total 8 (initial active 8) (8 cores per cpu, 1 threads per core) family 6 model 158 stepping 12, cmov, cx8, fxsr, mmx, sse, sse2, sse3, ssse3, sse4.1, sse4.2, popcnt, avx, avx2, aes, clmul, erms, rtm, 3dnowpref, lzcnt, tsc, tscinvbit, bmi1, bmi2, adx

Memory: 4k page, physical 16708752k(4747088k free), swap 31913104k(11417692k free)

vm_info: Java HotSpot(TM) 64-Bit Server VM (25.201-b09) for windows-amd64 JRE (1.8.0_201-b09), built on Dec 15 2018 18:36:39 by "java_re" with MS VC++ 10.0 (VS2010)

time: Sun Dec 22 23:21:54 2019
timezone: RTZ 2 (ÁËÏ‡)
elapsed time: 0 seconds (0d 0h 0m 0s)

